2022-09-06 11:12:14,381 wf-monitor   INFO     Starting workflow monitoring tool for: braila-state-analysis
2022-09-06 11:12:14,382 src.workflow INFO     Loading config: configs/braila-state-analysis.json
2022-09-06 11:12:14,382 src.workflow INFO     Starting worklfow check
2022-09-06 11:12:14,382 src.workflow INFO     Starting checks for: Naiades Historic API - WaterDemand
2022-09-06 11:12:14,382 src.workflow INFO     Checking: Water Demand 211206H360
2022-09-06 11:12:14,519 src.historic INFO       Trying: http://naiades.simavi.ro:8668/v2/entities/urn:ngsi-ld:WaterDemand:WaterDemand-211206H360?lastN=1
2022-09-06 11:12:14,521 src.historic INFO       Timestamp in the limits: 0.60h
2022-09-06 11:12:14,521 src.workflow INFO     Checking: Water Demand 211306H360
2022-09-06 11:12:14,686 src.historic INFO       Trying: http://naiades.simavi.ro:8668/v2/entities/urn:ngsi-ld:WaterDemand:WaterDemand-211306H360?lastN=1
2022-09-06 11:12:14,686 src.historic INFO       Timestamp in the limits: 0.50h
2022-09-06 11:12:14,687 src.workflow INFO     Checking: Water Demand 318505H498
2022-09-06 11:12:14,823 src.historic INFO       Trying: http://naiades.simavi.ro:8668/v2/entities/urn:ngsi-ld:WaterDemand:WaterDemand-318505H498?lastN=1
2022-09-06 11:12:14,824 src.historic INFO       Timestamp in the limits: 0.40h
2022-09-06 11:12:14,824 src.workflow INFO     Starting checks for: StreamStory Data API - WaterDemand
2022-09-06 11:12:14,824 src.workflow INFO     Checking: Water Demand 211206H360
2022-09-06 11:12:14,969 src.sat      INFO       Trying: http://atena.ijs.si:8081/braila-flow211206H360/series/last
2022-09-06 11:12:14,970 src.sat      INFO       Timestamp in the limits: 0.60h
2022-09-06 11:12:14,970 src.workflow INFO     Checking: Water Demand 211306H360
2022-09-06 11:12:15,103 src.sat      INFO       Trying: http://atena.ijs.si:8081/braila-flow211306H360/series/last
2022-09-06 11:12:15,103 src.sat      INFO       Timestamp in the limits: 0.50h
2022-09-06 11:12:15,103 src.workflow INFO     Checking: Water Demand 318505H498
2022-09-06 11:12:15,227 src.sat      INFO       Trying: http://atena.ijs.si:8081/braila-flow318505H498/series/last
2022-09-06 11:12:15,227 src.sat      INFO       Timestamp in the limits: 0.40h
