2022-10-12 13:17:08,404 wf-monitor   INFO     Starting workflow monitoring tool for: braila-consumption
2022-10-12 13:17:08,405 src.workflow INFO     Loading config: config/workflows/braila-consumption.json
2022-10-12 13:17:08,405 src.workflow INFO     Starting workflow check
2022-10-12 13:17:08,405 src.workflow INFO     Starting checks for: Naiades Historic API - WaterDemand
2022-10-12 13:17:08,405 src.workflow INFO     Checking: Water Demand 211206H360
2022-10-12 13:17:08,612 src.historic INFO       Trying: http://naiades.simavi.ro:8668/v2/entities/urn:ngsi-ld:WaterDemand:WaterDemand-211206H360?lastN=1
2022-10-12 13:17:08,620 src.historic INFO       Timestamp in the limits: 0.68h
2022-10-12 13:17:08,623 src.workflow INFO     Checking: Water Demand 211306H360
2022-10-12 13:17:08,799 src.historic INFO       Trying: http://naiades.simavi.ro:8668/v2/entities/urn:ngsi-ld:WaterDemand:WaterDemand-211306H360?lastN=1
2022-10-12 13:17:08,799 src.historic INFO       Timestamp in the limits: 0.58h
2022-10-12 13:17:08,799 src.workflow INFO     Checking: Water Demand 318505H498
2022-10-12 13:17:08,981 src.historic INFO       Trying: http://naiades.simavi.ro:8668/v2/entities/urn:ngsi-ld:WaterDemand:WaterDemand-318505H498?lastN=1
2022-10-12 13:17:08,982 src.historic INFO       Timestamp in the limits: 0.48h
2022-10-12 13:17:08,982 src.workflow INFO     Starting checks for: Influx data
2022-10-12 13:17:08,982 src.workflow INFO     Checking: Influx Flow 211206H360
2022-10-12 13:17:08,983 src.influx   INFO       Building query
2022-10-12 13:17:08,984 src.influx   INFO       Running query: from(bucket: "braila")|> range(start:-1w, stop:-0h)|> filter(fn: (r) => r._measurement == "flow211206H360")|> last()
2022-10-12 13:17:09,126 src.influx   INFO       Timestamp in the limits: 3.19h
2022-10-12 13:17:09,126 src.workflow INFO     Checking: Influx Flow 211306H360
2022-10-12 13:17:09,127 src.influx   INFO       Building query
2022-10-12 13:17:09,127 src.influx   INFO       Running query: from(bucket: "braila")|> range(start:-1w, stop:-0h)|> filter(fn: (r) => r._measurement == "flow211306H360")|> last()
2022-10-12 13:17:09,181 src.influx   INFO       Timestamp in the limits: 2.42h
2022-10-12 13:17:09,181 src.workflow INFO     Checking: Influx Flow 318505H498
2022-10-12 13:17:09,182 src.influx   INFO       Building query
2022-10-12 13:17:09,182 src.influx   INFO       Running query: from(bucket: "braila")|> range(start:-1w, stop:-0h)|> filter(fn: (r) => r._measurement == "flow318505H498")|> last()
2022-10-12 13:17:09,252 src.influx   INFO       Timestamp in the limits: 3.34h
2022-10-12 13:17:09,253 src.workflow INFO     Starting checks for: Data Fusion on Kafka
2022-10-12 13:17:09,253 src.workflow INFO     Checking: Features Flow 211206H360
2022-10-12 13:17:09,253 src.kafka    INFO       Querying topic: features_braila_flow211206H360_forecasting
2022-10-12 13:17:09,701 src.kafka    INFO       Last offset: 759
2022-10-12 13:17:11,721 src.kafka    INFO       Timestamp in the limits: 9.06h
2022-10-12 13:17:11,722 src.workflow INFO     Checking: Features Flow 211306H360
2022-10-12 13:17:11,722 src.kafka    INFO       Querying topic: features_braila_flow211306H360_forecasting
2022-10-12 13:17:12,139 src.kafka    INFO       Last offset: 850
2022-10-12 13:17:14,146 src.kafka    INFO       Timestamp in the limits: 8.39h
2022-10-12 13:17:14,146 src.workflow INFO     Checking: Features Flow 318505H498
2022-10-12 13:17:14,146 src.kafka    INFO       Querying topic: features_braila_flow318505H498_forecasting
2022-10-12 13:17:14,582 src.kafka    INFO       Last offset: 691
2022-10-12 13:17:16,597 src.kafka    INFO       Timestamp in the limits: 9.06h
2022-10-12 13:17:16,597 src.workflow INFO     Starting checks for: Predictions on Kafka
2022-10-12 13:17:16,597 src.workflow INFO     Checking: Prediction Flow 211206H360
2022-10-12 13:17:16,597 src.kafka    INFO       Querying topic: predictions_braila_flow211206H360_prediction
2022-10-12 13:17:17,014 src.kafka    INFO       Last offset: 760
2022-10-12 13:17:19,029 src.kafka    INFO       Timestamp in the limits: 9.06h
2022-10-12 13:17:19,030 src.workflow INFO     Checking: Prediction Flow 211306H360
2022-10-12 13:17:19,030 src.kafka    INFO       Querying topic: predictions_braila_flow211306H360_prediction
2022-10-12 13:17:19,442 src.kafka    INFO       Last offset: 850
2022-10-12 13:17:21,453 src.kafka    INFO       Timestamp in the limits: 8.40h
2022-10-12 13:17:21,453 src.workflow INFO     Checking: Prediction Flow 318505H498
2022-10-12 13:17:21,454 src.kafka    INFO       Querying topic: predictions_braila_flow318505H498_prediction
2022-10-12 13:17:21,868 src.kafka    INFO       Last offset: 691
2022-10-12 13:17:23,911 src.kafka    INFO       Timestamp in the limits: 9.06h
2022-10-12 13:17:23,911 src.workflow INFO     Starting checks for: Braila Consumption Upload -- NOT WORKING - CHANGE HORIZON
2022-10-12 13:17:23,911 src.workflow INFO     Checking: Consumption flow318505H498
2022-10-12 13:17:24,100 src.context  INFO       Trying: http://naiades.simavi.ro:1026/ngsi-ld/v1/entities/urn:ngsi-ld:Consumption-Romania:Romania-Braila-flow318505H498_24h
2022-10-12 13:17:24,100 src.context  ERROR      Time checking error: expected string or bytes-like object
2022-10-12 13:17:24,100 src.workflow INFO     Checking: Consumption flow211306H360
2022-10-12 13:17:24,245 src.context  INFO       Trying: http://naiades.simavi.ro:1026/ngsi-ld/v1/entities/urn:ngsi-ld:Consumption-Romania:Romania-Braila-flow211306H360_24h
2022-10-12 13:17:24,246 src.context  ERROR      Time checking error: expected string or bytes-like object
2022-10-12 13:17:24,246 src.workflow INFO     Checking: Consumption flow211106H360
2022-10-12 13:17:24,375 src.context  INFO       Trying: http://naiades.simavi.ro:1026/ngsi-ld/v1/entities/urn:ngsi-ld:Consumption-Romania:Romania-Braila-flow211106H360_24h
2022-10-12 13:17:24,375 src.context  ERROR      Time checking error: expected string or bytes-like object
2022-10-12 13:17:24,375 src.workflow INFO     Checking: Consumption flow211206H360
2022-10-12 13:17:24,500 src.context  INFO       Trying: http://naiades.simavi.ro:1026/ngsi-ld/v1/entities/urn:ngsi-ld:Consumption-Romania:Romania-Braila-flow211206H360_24h
2022-10-12 13:17:24,500 src.context  ERROR      Time checking error: expected string or bytes-like object
